This is pdfTeX, Version 3.1415926-1.40.11 (MiKTeX 2.9) (preloaded format=pdflatex 2015.3.14)  28 MAY 2015 10:58
entering extended mode
**slides_v9.tex

(C:\Users\sullivan\Sync\UVa\Research.New\Projects\2015.Boehm.QualityOntology.Co
q\Boehm\slides_draft\slides_v9.tex
LaTeX2e <2009/09/24>
Babel <v3.8l> and hyphenation patterns for english, afrikaans, ancientgreek, ar
abic, armenian, assamese, basque, bengali, bokmal, bulgarian, catalan, coptic, 
croatian, czech, danish, dutch, esperanto, estonian, farsi, finnish, french, ga
lician, german, german-x-2009-06-19, greek, gujarati, hindi, hungarian, iceland
ic, indonesian, interlingua, irish, italian, kannada, kurmanji, lao, latin, lat
vian, lithuanian, malayalam, marathi, mongolian, mongolianlmc, monogreek, ngerm
an, ngerman-x-2009-06-19, nynorsk, oriya, panjabi, pinyin, polish, portuguese, 
romanian, russian, sanskrit, serbian, slovak, slovenian, spanish, swedish, swis
sgerman, tamil, telugu, turkish, turkmen, ukenglish, ukrainian, uppersorbian, u
senglishmax, welsh, loaded.
(C:\MikTeX_2.9\tex\latex\beamer\base\beamer.cls
(C:\MikTeX_2.9\tex\latex\beamer\base\beamerbasercs.sty
Package: beamerbasercs 2010/06/12 (rcs-revision c3821710bb40)
)
Document Class: beamer 2010/06/21 development version 3.10 A class for typesett
ing presentations (rcs-revision a6b1a8434d30)
(C:\MikTeX_2.9\tex\latex\beamer\base\beamerbasemodes.sty
Package: beamerbasemodes 2010/05/01 (rcs-revision efa082c6111d)
\beamer@tempbox=\box26
\beamer@tempcount=\count79
\c@beamerpauses=\count80

(C:\MikTeX_2.9\tex\latex\beamer\base\beamerbasedecode.sty
Package: beamerbasedecode 2010/05/01 (rcs-revision efa082c6111d)
\beamer@slideinframe=\count81
\beamer@minimum=\count82
)
\beamer@commentbox=\box27
\beamer@modecount=\count83
)
\headheight=\dimen102
\headdp=\dimen103
\footheight=\dimen104
\sidebarheight=\dimen105
\beamer@tempdim=\dimen106
\beamer@finalheight=\dimen107
\beamer@animht=\dimen108
\beamer@animdp=\dimen109
\beamer@animwd=\dimen110
\beamer@leftmargin=\dimen111
\beamer@rightmargin=\dimen112
\beamer@leftsidebar=\dimen113
\beamer@rightsidebar=\dimen114
\beamer@boxsize=\dimen115
\beamer@vboxoffset=\dimen116
\beamer@descdefault=\dimen117
\beamer@descriptionwidth=\dimen118
\beamer@lastskip=\skip41
\beamer@areabox=\box28
\beamer@animcurrent=\box29
\beamer@animshowbox=\box30
\beamer@sectionbox=\box31
\beamer@logobox=\box32
\beamer@linebox=\box33
\beamer@sectioncount=\count84
\beamer@subsubsectionmax=\count85
\beamer@subsectionmax=\count86
\beamer@sectionmax=\count87
\beamer@totalheads=\count88
\beamer@headcounter=\count89
\beamer@partstartpage=\count90
\beamer@sectionstartpage=\count91
\beamer@subsectionstartpage=\count92
\beamer@animationtempa=\count93
\beamer@animationtempb=\count94
\beamer@xpos=\count95
\beamer@ypos=\count96
\beamer@showpartnumber=\count97
\beamer@currentsubsection=\count98
\beamer@coveringdepth=\count99
\beamer@sectionadjust=\count100
\beamer@tocsectionnumber=\count101

(C:\MikTeX_2.9\tex\latex\beamer\base\beamerbaseoptions.sty
Package: beamerbaseoptions 2010/04/27 (rcs-revision 982469101dd6)

(C:\MikTeX_2.9\tex\latex\graphics\keyval.sty
Package: keyval 1999/03/16 v1.13 key=value parser (DPC)
\KV@toks@=\toks14
))
\beamer@paperwidth=\skip42
\beamer@paperheight=\skip43

(C:\MikTeX_2.9\tex\latex\geometry\geometry.sty
Package: geometry 2010/09/12 v5.6 Page Geometry

(C:\MikTeX_2.9\tex\generic\oberdiek\ifpdf.sty
Package: ifpdf 2010/01/28 v2.1 Provides the ifpdf switch (HO)
Package ifpdf Info: pdfTeX in pdf mode detected.
)
(C:\MikTeX_2.9\tex\generic\oberdiek\ifvtex.sty
Package: ifvtex 2010/03/01 v1.5 Switches for detecting VTeX and its modes (HO)
Package ifvtex Info: VTeX not detected.
)
(C:\MikTeX_2.9\tex\generic\ifxetex\ifxetex.sty
Package: ifxetex 2010/09/12 v0.6 Provides ifxetex conditional
)
\Gm@cnth=\count102
\Gm@cntv=\count103
\c@Gm@tempcnt=\count104
\Gm@bindingoffset=\dimen119
\Gm@wd@mp=\dimen120
\Gm@odd@mp=\dimen121
\Gm@even@mp=\dimen122
\Gm@layoutwidth=\dimen123
\Gm@layoutheight=\dimen124
\Gm@layouthoffset=\dimen125
\Gm@layoutvoffset=\dimen126
\Gm@dimlist=\toks15

(C:\MikTeX_2.9\tex\latex\geometry\geometry.cfg))
(C:\MikTeX_2.9\tex\latex\base\size11.clo
File: size11.clo 2007/10/19 v1.4h Standard LaTeX file (size option)
)
(C:\MikTeX_2.9\tex\latex\pgf\basiclayer\pgfcore.sty
(C:\MikTeX_2.9\tex\latex\graphics\graphicx.sty
Package: graphicx 1999/02/16 v1.0f Enhanced LaTeX Graphics (DPC,SPQR)

(C:\MikTeX_2.9\tex\latex\graphics\graphics.sty
Package: graphics 2009/02/05 v1.0o Standard LaTeX Graphics (DPC,SPQR)

(C:\MikTeX_2.9\tex\latex\graphics\trig.sty
Package: trig 1999/03/16 v1.09 sin cos tan (DPC)
)
(C:\MikTeX_2.9\tex\latex\00miktex\graphics.cfg
File: graphics.cfg 2007/01/18 v1.5 graphics configuration of teTeX/TeXLive
)
Package graphics Info: Driver file: pdftex.def on input line 91.

(C:\MikTeX_2.9\tex\latex\pdftex-def\pdftex.def
File: pdftex.def 2010/09/14 v0.05b Graphics/color for pdfTeX
\Gread@gobject=\count105
))
\Gin@req@height=\dimen127
\Gin@req@width=\dimen128
)
(C:\MikTeX_2.9\tex\latex\pgf\systemlayer\pgfsys.sty
(C:\MikTeX_2.9\tex\latex\pgf\utilities\pgfrcs.sty
(C:\MikTeX_2.9\tex\generic\pgf\utilities\pgfutil-common.tex
\pgfutil@everybye=\toks16
)
(C:\MikTeX_2.9\tex\generic\pgf\utilities\pgfutil-latex.def
\pgfutil@abb=\box34

(C:\MikTeX_2.9\tex\latex\ms\everyshi.sty
Package: everyshi 2001/05/15 v3.00 EveryShipout Package (MS)
))
(C:\MikTeX_2.9\tex\generic\pgf\utilities\pgfrcs.code.tex
Package: pgfrcs 2010/10/25 v2.10 (rcs-revision 1.24)
))
(C:\MikTeX_2.9\tex\generic\pgf\systemlayer\pgfsys.code.tex
Package: pgfsys 2010/06/30 v2.10 (rcs-revision 1.37)

(C:\MikTeX_2.9\tex\generic\pgf\utilities\pgfkeys.code.tex
\pgfkeys@pathtoks=\toks17
\pgfkeys@temptoks=\toks18

(C:\MikTeX_2.9\tex\generic\pgf\utilities\pgfkeysfiltered.code.tex
\pgfkeys@tmptoks=\toks19
))
\pgf@x=\dimen129
\pgf@y=\dimen130
\pgf@xa=\dimen131
\pgf@ya=\dimen132
\pgf@xb=\dimen133
\pgf@yb=\dimen134
\pgf@xc=\dimen135
\pgf@yc=\dimen136
\w@pgf@writea=\write3
\r@pgf@reada=\read1
\c@pgf@counta=\count106
\c@pgf@countb=\count107
\c@pgf@countc=\count108
\c@pgf@countd=\count109

(C:\MikTeX_2.9\tex\generic\pgf\systemlayer\pgf.cfg
File: pgf.cfg 2008/05/14  (rcs-revision 1.7)
)
Package pgfsys Info: Driver file for pgf: pgfsys-pdftex.def on input line 900.

(C:\MikTeX_2.9\tex\generic\pgf\systemlayer\pgfsys-pdftex.def
File: pgfsys-pdftex.def 2009/05/22  (rcs-revision 1.26)

(C:\MikTeX_2.9\tex\generic\pgf\systemlayer\pgfsys-common-pdf.def
File: pgfsys-common-pdf.def 2008/05/19  (rcs-revision 1.10)
)))
(C:\MikTeX_2.9\tex\generic\pgf\systemlayer\pgfsyssoftpath.code.tex
File: pgfsyssoftpath.code.tex 2008/07/18  (rcs-revision 1.7)
\pgfsyssoftpath@smallbuffer@items=\count110
\pgfsyssoftpath@bigbuffer@items=\count111
)
(C:\MikTeX_2.9\tex\generic\pgf\systemlayer\pgfsysprotocol.code.tex
File: pgfsysprotocol.code.tex 2006/10/16  (rcs-revision 1.4)
))
(C:\MikTeX_2.9\tex\latex\xcolor\xcolor.sty
Package: xcolor 2007/01/21 v2.11 LaTeX color extensions (UK)

(C:\MikTeX_2.9\tex\latex\00miktex\color.cfg
File: color.cfg 2007/01/18 v1.5 color configuration of teTeX/TeXLive
)
Package xcolor Info: Driver file: pdftex.def on input line 225.
Package xcolor Info: Model `cmy' substituted by `cmy0' on input line 1337.
Package xcolor Info: Model `hsb' substituted by `rgb' on input line 1341.
Package xcolor Info: Model `RGB' extended on input line 1353.
Package xcolor Info: Model `HTML' substituted by `rgb' on input line 1355.
Package xcolor Info: Model `Hsb' substituted by `hsb' on input line 1356.
Package xcolor Info: Model `tHsb' substituted by `hsb' on input line 1357.
Package xcolor Info: Model `HSB' substituted by `hsb' on input line 1358.
Package xcolor Info: Model `Gray' substituted by `gray' on input line 1359.
Package xcolor Info: Model `wave' substituted by `hsb' on input line 1360.

(C:\MikTeX_2.9\tex\latex\xcolor\x11nam.def
File: x11nam.def 2007/01/21 v2.11 Predefined colors according to Unix/X11 (UK)
))
(C:\MikTeX_2.9\tex\generic\pgf\basiclayer\pgfcore.code.tex
Package: pgfcore 2010/04/11 v2.10 (rcs-revision 1.7)

(C:\MikTeX_2.9\tex\generic\pgf\math\pgfmath.code.tex
(C:\MikTeX_2.9\tex\generic\pgf\math\pgfmathcalc.code.tex
(C:\MikTeX_2.9\tex\generic\pgf\math\pgfmathutil.code.tex)
(C:\MikTeX_2.9\tex\generic\pgf\math\pgfmathparser.code.tex
\pgfmath@dimen=\dimen137
\pgfmath@count=\count112
\pgfmath@box=\box35
\pgfmath@toks=\toks20
\pgfmath@stack@operand=\toks21
\pgfmath@stack@operation=\toks22
)
(C:\MikTeX_2.9\tex\generic\pgf\math\pgfmathfunctions.code.tex
(C:\MikTeX_2.9\tex\generic\pgf\math\pgfmathfunctions.basic.code.tex)
(C:\MikTeX_2.9\tex\generic\pgf\math\pgfmathfunctions.trigonometric.code.tex)
(C:\MikTeX_2.9\tex\generic\pgf\math\pgfmathfunctions.random.code.tex)
(C:\MikTeX_2.9\tex\generic\pgf\math\pgfmathfunctions.comparison.code.tex)
(C:\MikTeX_2.9\tex\generic\pgf\math\pgfmathfunctions.base.code.tex)
(C:\MikTeX_2.9\tex\generic\pgf\math\pgfmathfunctions.round.code.tex)
(C:\MikTeX_2.9\tex\generic\pgf\math\pgfmathfunctions.misc.code.tex)))
(C:\MikTeX_2.9\tex\generic\pgf\math\pgfmathfloat.code.tex
\c@pgfmathroundto@lastzeros=\count113
))
(C:\MikTeX_2.9\tex\generic\pgf\basiclayer\pgfcorepoints.code.tex
File: pgfcorepoints.code.tex 2010/04/09  (rcs-revision 1.20)
\pgf@picminx=\dimen138
\pgf@picmaxx=\dimen139
\pgf@picminy=\dimen140
\pgf@picmaxy=\dimen141
\pgf@pathminx=\dimen142
\pgf@pathmaxx=\dimen143
\pgf@pathminy=\dimen144
\pgf@pathmaxy=\dimen145
\pgf@xx=\dimen146
\pgf@xy=\dimen147
\pgf@yx=\dimen148
\pgf@yy=\dimen149
\pgf@zx=\dimen150
\pgf@zy=\dimen151
)
(C:\MikTeX_2.9\tex\generic\pgf\basiclayer\pgfcorepathconstruct.code.tex
File: pgfcorepathconstruct.code.tex 2010/08/03  (rcs-revision 1.24)
\pgf@path@lastx=\dimen152
\pgf@path@lasty=\dimen153
)
(C:\MikTeX_2.9\tex\generic\pgf\basiclayer\pgfcorepathusage.code.tex
File: pgfcorepathusage.code.tex 2008/04/22  (rcs-revision 1.12)
\pgf@shorten@end@additional=\dimen154
\pgf@shorten@start@additional=\dimen155
)
(C:\MikTeX_2.9\tex\generic\pgf\basiclayer\pgfcorescopes.code.tex
File: pgfcorescopes.code.tex 2010/09/08  (rcs-revision 1.34)
\pgfpic=\box36
\pgf@hbox=\box37
\pgf@layerbox@main=\box38
\pgf@picture@serial@count=\count114
)
(C:\MikTeX_2.9\tex\generic\pgf\basiclayer\pgfcoregraphicstate.code.tex
File: pgfcoregraphicstate.code.tex 2008/04/22  (rcs-revision 1.9)
\pgflinewidth=\dimen156
)
(C:\MikTeX_2.9\tex\generic\pgf\basiclayer\pgfcoretransformations.code.tex
File: pgfcoretransformations.code.tex 2009/06/10  (rcs-revision 1.11)
\pgf@pt@x=\dimen157
\pgf@pt@y=\dimen158
\pgf@pt@temp=\dimen159
)
(C:\MikTeX_2.9\tex\generic\pgf\basiclayer\pgfcorequick.code.tex
File: pgfcorequick.code.tex 2008/10/09  (rcs-revision 1.3)
)
(C:\MikTeX_2.9\tex\generic\pgf\basiclayer\pgfcoreobjects.code.tex
File: pgfcoreobjects.code.tex 2006/10/11  (rcs-revision 1.2)
)
(C:\MikTeX_2.9\tex\generic\pgf\basiclayer\pgfcorepathprocessing.code.tex
File: pgfcorepathprocessing.code.tex 2008/10/09  (rcs-revision 1.8)
)
(C:\MikTeX_2.9\tex\generic\pgf\basiclayer\pgfcorearrows.code.tex
File: pgfcorearrows.code.tex 2008/04/23  (rcs-revision 1.11)
)
(C:\MikTeX_2.9\tex\generic\pgf\basiclayer\pgfcoreshade.code.tex
File: pgfcoreshade.code.tex 2008/11/23  (rcs-revision 1.13)
\pgf@max=\dimen160
\pgf@sys@shading@range@num=\count115
)
(C:\MikTeX_2.9\tex\generic\pgf\basiclayer\pgfcoreimage.code.tex
File: pgfcoreimage.code.tex 2010/03/25  (rcs-revision 1.16)

(C:\MikTeX_2.9\tex\generic\pgf\basiclayer\pgfcoreexternal.code.tex
File: pgfcoreexternal.code.tex 2010/09/01  (rcs-revision 1.17)
\pgfexternal@startupbox=\box39
))
(C:\MikTeX_2.9\tex\generic\pgf\basiclayer\pgfcorelayers.code.tex
File: pgfcorelayers.code.tex 2010/08/27  (rcs-revision 1.2)
)
(C:\MikTeX_2.9\tex\generic\pgf\basiclayer\pgfcoretransparency.code.tex
File: pgfcoretransparency.code.tex 2008/01/17  (rcs-revision 1.2)
)
(C:\MikTeX_2.9\tex\generic\pgf\basiclayer\pgfcorepatterns.code.tex
File: pgfcorepatterns.code.tex 2009/07/02  (rcs-revision 1.3)
)))
(C:\MikTeX_2.9\tex\latex\pgf\utilities\xxcolor.sty
Package: xxcolor 2003/10/24 ver 0.1
\XC@nummixins=\count116
\XC@countmixins=\count117
)
(C:\MikTeX_2.9\tex\latex\hyperref\hyperref.sty
Package: hyperref 2010/10/30 v6.81t Hypertext links for LaTeX

(C:\MikTeX_2.9\tex\generic\oberdiek\ltxcmds.sty
Package: ltxcmds 2010/04/26 v1.7 LaTeX kernel commands for general use (HO)
)
(C:\MikTeX_2.9\tex\generic\oberdiek\infwarerr.sty
Package: infwarerr 2010/04/08 v1.3 Providing info/warning/message (HO)
)
(C:\MikTeX_2.9\tex\generic\oberdiek\kvsetkeys.sty
Package: kvsetkeys 2010/03/01 v1.9 Key value parser (HO)

(C:\MikTeX_2.9\tex\generic\oberdiek\etexcmds.sty
Package: etexcmds 2010/01/28 v1.3 Prefix for e-TeX command names (HO)
Package etexcmds Info: Could not find \expanded.
(etexcmds)             That can mean that you are not using pdfTeX 1.50 or
(etexcmds)             that some package has redefined \expanded.
(etexcmds)             In the latter case, load this package earlier.
))
(C:\MikTeX_2.9\tex\generic\oberdiek\pdfescape.sty
Package: pdfescape 2010/03/01 v1.9 Provides hex, PDF name and string conversion
s (HO)

(C:\MikTeX_2.9\tex\generic\oberdiek\pdftexcmds.sty
Package: pdftexcmds 2010/04/01 v0.9 Utility functions of pdfTeX for LuaTeX (HO)


(C:\MikTeX_2.9\tex\generic\oberdiek\ifluatex.sty
Package: ifluatex 2010/03/01 v1.3 Provides the ifluatex switch (HO)
Package ifluatex Info: LuaTeX not detected.
)
Package pdftexcmds Info: LuaTeX not detected.
Package pdftexcmds Info: \pdf@primitive is available.
Package pdftexcmds Info: \pdf@ifprimitive is available.
))
(C:\MikTeX_2.9\tex\latex\oberdiek\hycolor.sty
Package: hycolor 2009/12/12 v1.6 Color options of hyperref/bookmark (HO)

(C:\MikTeX_2.9\tex\latex\oberdiek\xcolor-patch.sty
Package: xcolor-patch 2009/12/12 xcolor patch
))
(C:\MikTeX_2.9\tex\latex\oberdiek\letltxmacro.sty
Package: letltxmacro 2008/06/24 v1.3 Let assignment for LaTeX macros (HO)
)
(C:\MikTeX_2.9\tex\latex\oberdiek\kvoptions.sty
Package: kvoptions 2010/02/22 v3.7 Keyval support for LaTeX options (HO)
)
\@linkdim=\dimen161
\Hy@linkcounter=\count118
\Hy@pagecounter=\count119

(C:\MikTeX_2.9\tex\latex\hyperref\pd1enc.def
File: pd1enc.def 2010/10/30 v6.81t Hyperref: PDFDocEncoding definition (HO)
)
(C:\MikTeX_2.9\tex\generic\oberdiek\intcalc.sty
Package: intcalc 2007/09/27 v1.1 Expandable integer calculations (HO)
)
\Hy@SavedSpaceFactor=\count120

(C:\MikTeX_2.9\tex\latex\00miktex\hyperref.cfg
File: hyperref.cfg 2002/06/06 v1.2 hyperref configuration of TeXLive
)
Package hyperref Info: Option `bookmarks' set `true' on input line 3872.
Package hyperref Info: Option `bookmarksopen' set `true' on input line 3872.
Package hyperref Info: Option `implicit' set `false' on input line 3872.
Package hyperref Info: Hyper figures OFF on input line 3976.
Package hyperref Info: Link nesting OFF on input line 3981.
Package hyperref Info: Hyper index ON on input line 3984.
Package hyperref Info: Plain pages OFF on input line 3991.
Package hyperref Info: Backreferencing OFF on input line 3996.
Package hyperref Info: Implicit mode OFF; no redefinition of LaTeX internals.
Package hyperref Info: Bookmarks ON on input line 4211.
\c@Hy@tempcnt=\count121

(C:\MikTeX_2.9\tex\latex\ltxmisc\url.sty
\Urlmuskip=\muskip10
Package: url 2006/04/12  ver 3.3  Verb mode for urls, etc.
)
LaTeX Info: Redefining \url on input line 4566.

(C:\MikTeX_2.9\tex\generic\oberdiek\bitset.sty
Package: bitset 2007/09/28 v1.0 Data type bit set (HO)

(C:\MikTeX_2.9\tex\generic\oberdiek\bigintcalc.sty
Package: bigintcalc 2007/11/11 v1.1 Expandable big integer calculations (HO)
))
\Fld@menulength=\count122
\Field@Width=\dimen162
\Fld@charsize=\dimen163
Package hyperref Info: Hyper figures OFF on input line 5626.
Package hyperref Info: Link nesting OFF on input line 5631.
Package hyperref Info: Hyper index ON on input line 5634.
Package hyperref Info: backreferencing OFF on input line 5641.
Package hyperref Info: Link coloring OFF on input line 5646.
Package hyperref Info: Link coloring with OCG OFF on input line 5651.
Package hyperref Info: PDF/A mode OFF on input line 5656.
LaTeX Info: Redefining \ref on input line 5696.
LaTeX Info: Redefining \pageref on input line 5700.

(C:\MikTeX_2.9\tex\generic\oberdiek\atbegshi.sty
Package: atbegshi 2010/03/25 v1.12 At begin shipout hook (HO)
)
\Hy@abspage=\count123


Package hyperref Message: Stopped early.

)

Package hyperref Message: Driver (autodetected): hpdftex.

(C:\MikTeX_2.9\tex\latex\hyperref\hpdftex.def
File: hpdftex.def 2010/10/30 v6.81t Hyperref driver for pdfTeX

(C:\MikTeX_2.9\tex\latex\oberdiek\atveryend.sty
Package: atveryend 2010/03/24 v1.5 Hooks at very end of document (HO)
Package atveryend Info: \enddocument detected (standard).
)
\Fld@listcount=\count124
\c@bookmark@seq@number=\count125

(C:\MikTeX_2.9\tex\latex\oberdiek\rerunfilecheck.sty
Package: rerunfilecheck 2010/03/16 v1.6 Rerun checks for auxiliary files (HO)

(C:\MikTeX_2.9\tex\generic\oberdiek\uniquecounter.sty
Package: uniquecounter 2009/12/18 v1.1 Provides unlimited unique counter (HO)
)
Package uniquecounter Info: New unique counter `rerunfilecheck' on input line 2
71.
))
(C:\MikTeX_2.9\tex\latex\beamer\base\beamerbaserequires.sty
Package: beamerbaserequires 2010/05/01  (rcs-revision efa082c6111d)

(C:\MikTeX_2.9\tex\latex\beamer\base\beamerbasecompatibility.sty
Package: beamerbasecompatibility 2010/07/12  (rcs-revision 6648c3177e4e)
)
(C:\MikTeX_2.9\tex\latex\beamer\base\beamerbasefont.sty
Package: beamerbasefont 2010/05/10  (rcs-revision cd36e8a33c6b)

(C:\MikTeX_2.9\tex\latex\amsfonts\amssymb.sty
Package: amssymb 2009/06/22 v3.00

(C:\MikTeX_2.9\tex\latex\amsfonts\amsfonts.sty
Package: amsfonts 2009/06/22 v3.00 Basic AMSFonts support
\@emptytoks=\toks23
\symAMSa=\mathgroup4
\symAMSb=\mathgroup5
LaTeX Font Info:    Overwriting math alphabet `\mathfrak' in version `bold'
(Font)                  U/euf/m/n --> U/euf/b/n on input line 96.
)))
(C:\MikTeX_2.9\tex\latex\beamer\base\beamerbasetranslator.sty
Package: beamerbasetranslator 2010/06/11  (rcs-revision 85fd1cc7fc42)

(C:\MikTeX_2.9\tex\latex\beamer\base\translator\translator.sty
Package: translator 2010/06/12 ver 1.10

(C:\MikTeX_2.9\tex\latex\beamer\base\translator\translator-language-mappings.te
x))) (C:\MikTeX_2.9\tex\latex\beamer\base\beamerbasemisc.sty
Package: beamerbasemisc 2010/06/06  (rcs-revision bff0a9294b45)
)
(C:\MikTeX_2.9\tex\latex\beamer\base\beamerbasetwoscreens.sty
Package: beamerbasetwoscreens 2010/05/01  (rcs-revision efa082c6111d)
)
(C:\MikTeX_2.9\tex\latex\beamer\base\beamerbaseoverlay.sty
Package: beamerbaseoverlay 2010/05/07  (rcs-revision 5584dad462a9)
\beamer@argscount=\count126
\beamer@lastskipcover=\skip44
\beamer@trivlistdepth=\count127
)
(C:\MikTeX_2.9\tex\latex\beamer\base\beamerbasetitle.sty
Package: beamerbasetitle 2010/06/12  (rcs-revision 717e481ca47a)
)
(C:\MikTeX_2.9\tex\latex\beamer\base\beamerbasesection.sty
Package: beamerbasesection 2010/06/17  (rcs-revision e0d9401bb743)
\c@lecture=\count128
\c@part=\count129
\c@section=\count130
\c@subsection=\count131
\c@subsubsection=\count132
)
(C:\MikTeX_2.9\tex\latex\beamer\base\beamerbaseframe.sty
Package: beamerbaseframe 2010/06/06  (rcs-revision bff0a9294b45)
\beamer@framebox=\box40
\beamer@frametitlebox=\box41
\beamer@zoombox=\box42
\beamer@zoomcount=\count133
\beamer@zoomframecount=\count134
\beamer@frametextheight=\dimen164
\c@subsectionslide=\count135
\beamer@frametopskip=\skip45
\beamer@framebottomskip=\skip46
\beamer@frametopskipautobreak=\skip47
\beamer@framebottomskipautobreak=\skip48
\beamer@envbody=\toks24
\c@framenumber=\count136
)
(C:\MikTeX_2.9\tex\latex\beamer\base\beamerbaseverbatim.sty
Package: beamerbaseverbatim 2010/05/01  (rcs-revision efa082c6111d)
\beamer@verbatimfileout=\write4
)
(C:\MikTeX_2.9\tex\latex\beamer\base\beamerbaseframesize.sty
Package: beamerbaseframesize 2010/06/27  (rcs-revision 6baa2d92e6f1)
\beamer@splitbox=\box43
\beamer@autobreakcount=\count137
\beamer@autobreaklastheight=\dimen165
\beamer@frametitletoks=\toks25
\beamer@framesubtitletoks=\toks26
)
(C:\MikTeX_2.9\tex\latex\beamer\base\beamerbaseframecomponents.sty
Package: beamerbaseframecomponents 2010/07/12  (rcs-revision 09e82992d9b1)
\beamer@footins=\box44
)
(C:\MikTeX_2.9\tex\latex\beamer\base\beamerbasecolor.sty
Package: beamerbasecolor 2010/06/06  (rcs-revision d1a9b48be06d)
)
(C:\MikTeX_2.9\tex\latex\beamer\base\beamerbasenotes.sty
Package: beamerbasenotes 2010/05/01  (rcs-revision efa082c6111d)
\beamer@frameboxcopy=\box45
)
(C:\MikTeX_2.9\tex\latex\beamer\base\beamerbasetoc.sty
Package: beamerbasetoc 2010/06/11  (rcs-revision 242ecaa6783b)
)
(C:\MikTeX_2.9\tex\latex\beamer\base\beamerbasetemplates.sty
Package: beamerbasetemplates 2010/05/01  (rcs-revision efa082c6111d)
\beamer@sbttoks=\toks27

(C:\MikTeX_2.9\tex\latex\beamer\base\beamerbaseauxtemplates.sty
Package: beamerbaseauxtemplates 2010/05/01  (rcs-revision efa082c6111d)

(C:\MikTeX_2.9\tex\latex\beamer\base\beamerbaseboxes.sty
Package: beamerbaseboxes 2010/05/01  (rcs-revision efa082c6111d)
\bmb@box=\box46
\bmb@colorbox=\box47
\bmb@boxshadow=\box48
\bmb@boxshadowball=\box49
\bmb@boxshadowballlarge=\box50
\bmb@temp=\dimen166
\bmb@dima=\dimen167
\bmb@dimb=\dimen168
\bmb@prevheight=\dimen169
)
\beamer@blockheadheight=\dimen170
))
(C:\MikTeX_2.9\tex\latex\beamer\base\beamerbaselocalstructure.sty
Package: beamerbaselocalstructure 2010/06/01  (rcs-revision 81f9e33f7cc2)

(C:\MikTeX_2.9\tex\latex\tools\enumerate.sty
Package: enumerate 1999/03/05 v3.00 enumerate extensions (DPC)
\@enLab=\toks28
)
\c@figure=\count138
\c@table=\count139
\abovecaptionskip=\skip49
\belowcaptionskip=\skip50
)
(C:\MikTeX_2.9\tex\latex\beamer\base\beamerbasenavigation.sty
Package: beamerbasenavigation 2010/05/01  (rcs-revision efa082c6111d)
)
(C:\MikTeX_2.9\tex\latex\beamer\base\beamerbasetheorems.sty
Package: beamerbasetheorems 2010/06/06  (rcs-revision 7e7cc5e53e9d)

(C:\MikTeX_2.9\tex\latex\ams\math\amsmath.sty
Package: amsmath 2000/07/18 v2.13 AMS math features
\@mathmargin=\skip51

For additional information on amsmath, use the `?' option.
(C:\MikTeX_2.9\tex\latex\ams\math\amstext.sty
Package: amstext 2000/06/29 v2.01

(C:\MikTeX_2.9\tex\latex\ams\math\amsgen.sty
File: amsgen.sty 1999/11/30 v2.0
\@emptytoks=\toks29
\ex@=\dimen171
))
(C:\MikTeX_2.9\tex\latex\ams\math\amsbsy.sty
Package: amsbsy 1999/11/29 v1.2d
\pmbraise@=\dimen172
)
(C:\MikTeX_2.9\tex\latex\ams\math\amsopn.sty
Package: amsopn 1999/12/14 v2.01 operator names
)
\inf@bad=\count140
LaTeX Info: Redefining \frac on input line 211.
\uproot@=\count141
\leftroot@=\count142
LaTeX Info: Redefining \overline on input line 307.
\classnum@=\count143
\DOTSCASE@=\count144
LaTeX Info: Redefining \ldots on input line 379.
LaTeX Info: Redefining \dots on input line 382.
LaTeX Info: Redefining \cdots on input line 467.
\Mathstrutbox@=\box51
\strutbox@=\box52
\big@size=\dimen173
LaTeX Font Info:    Redeclaring font encoding OML on input line 567.
LaTeX Font Info:    Redeclaring font encoding OMS on input line 568.
\macc@depth=\count145
\c@MaxMatrixCols=\count146
\dotsspace@=\muskip11
\c@parentequation=\count147
\dspbrk@lvl=\count148
\tag@help=\toks30
\row@=\count149
\column@=\count150
\maxfields@=\count151
\andhelp@=\toks31
\eqnshift@=\dimen174
\alignsep@=\dimen175
\tagshift@=\dimen176
\tagwidth@=\dimen177
\totwidth@=\dimen178
\lineht@=\dimen179
\@envbody=\toks32
\multlinegap=\skip52
\multlinetaggap=\skip53
\mathdisplay@stack=\toks33
LaTeX Info: Redefining \[ on input line 2666.
LaTeX Info: Redefining \] on input line 2667.
)
(C:\MikTeX_2.9\tex\latex\ams\classes\amsthm.sty
Package: amsthm 2004/08/06 v2.20
\thm@style=\toks34
\thm@bodyfont=\toks35
\thm@headfont=\toks36
\thm@notefont=\toks37
\thm@headpunct=\toks38
\thm@preskip=\skip54
\thm@postskip=\skip55
\thm@headsep=\skip56
\dth@everypar=\toks39
)
\c@theorem=\count152
)
(C:\MikTeX_2.9\tex\latex\beamer\base\beamerbasethemes.sty
Package: beamerbasethemes 2010/05/01  (rcs-revision efa082c6111d)
))
(C:\MikTeX_2.9\tex\latex\beamer\base\themes\theme\beamerthemedefault.sty
Package: beamerthemedefault 2010/06/17  (rcs-revision d02a7cf4d8ae)

(C:\MikTeX_2.9\tex\latex\beamer\base\themes\font\beamerfontthemedefault.sty
Package: beamerfontthemedefault 2010/06/17  (rcs-revision d02a7cf4d8ae)
)
(C:\MikTeX_2.9\tex\latex\beamer\base\themes\color\beamercolorthemedefault.sty
Package: beamercolorthemedefault 2010/06/17  (rcs-revision d02a7cf4d8ae)
)
(C:\MikTeX_2.9\tex\latex\beamer\base\themes\inner\beamerinnerthemedefault.sty
Package: beamerinnerthemedefault 2010/06/17  (rcs-revision d02a7cf4d8ae)
\beamer@dima=\dimen180
\beamer@dimb=\dimen181
)
(C:\MikTeX_2.9\tex\latex\beamer\base\themes\outer\beamerouterthemedefault.sty
Package: beamerouterthemedefault 2010/06/17  (rcs-revision d02a7cf4d8ae)
))) (C:\MikTeX_2.9\tex\latex\apacite\apacite.sty
Package: apacite 2009/03/01 v4.05 APA citation
\c@BibCnt=\count153
\bibleftmargin=\skip57
\bibindent=\skip58
\bibparsep=\skip59
\bibitemsep=\skip60
)
(C:\MikTeX_2.9\tex\latex\wrapfig\wrapfig.sty
\wrapoverhang=\dimen182
\WF@size=\dimen183
\c@WF@wrappedlines=\count154
\WF@box=\box53
\WF@everypar=\toks40
Package: wrapfig 2003/01/31  v 3.6
)
(C:\MikTeX_2.9\tex\latex\subfig\subfig.sty
Package: subfig 2005/06/28 ver: 1.3 subfig package

(C:\MikTeX_2.9\tex\latex\caption\caption.sty
Package: caption 2012/02/19 v3.2f Customizing captions (AR)

(C:\MikTeX_2.9\tex\latex\caption\caption3.sty
Package: caption3 2012/01/12 v1.4b caption3 kernel (AR)
\captionmargin=\dimen184
\captionmargin@=\dimen185
\captionwidth=\dimen186
\caption@indent=\dimen187
\caption@parindent=\dimen188
\caption@hangindent=\dimen189
)
\c@ContinuedFloat=\count155
Package caption Info: beamer document class.
Package caption Info: hyperref package is loaded.
Package caption Info: Hyperref support is turned off
(caption)             because hyperref has stopped early.
Package caption Info: wrapfig package is loaded.
)
\c@KVtest=\count156
\sf@farskip=\skip61
\sf@captopadj=\dimen190
\sf@capskip=\skip62
\sf@nearskip=\skip63
\c@subfigure=\count157
\c@subfigure@save=\count158
\c@depth=\count159
\c@subtable=\count160
\c@subtable@save=\count161
\sf@top=\skip64
\sf@bottom=\skip65
)
(C:\MikTeX_2.9\tex\latex\pgf\frontendlayer\tikz.sty
(C:\MikTeX_2.9\tex\latex\pgf\basiclayer\pgf.sty
Package: pgf 2008/01/15 v2.10 (rcs-revision 1.12)

(C:\MikTeX_2.9\tex\generic\pgf\modules\pgfmoduleshapes.code.tex
File: pgfmoduleshapes.code.tex 2010/09/09  (rcs-revision 1.13)
\pgfnodeparttextbox=\box54
)
(C:\MikTeX_2.9\tex\generic\pgf\modules\pgfmoduleplot.code.tex
File: pgfmoduleplot.code.tex 2010/10/22  (rcs-revision 1.8)
)
(C:\MikTeX_2.9\tex\latex\pgf\compatibility\pgfcomp-version-0-65.sty
Package: pgfcomp-version-0-65 2007/07/03 v2.10 (rcs-revision 1.7)
\pgf@nodesepstart=\dimen191
\pgf@nodesepend=\dimen192
)
(C:\MikTeX_2.9\tex\latex\pgf\compatibility\pgfcomp-version-1-18.sty
Package: pgfcomp-version-1-18 2007/07/23 v2.10 (rcs-revision 1.1)
))
(C:\MikTeX_2.9\tex\latex\pgf\utilities\pgffor.sty
(C:\MikTeX_2.9\tex\latex\pgf\utilities\pgfkeys.sty
(C:\MikTeX_2.9\tex\generic\pgf\utilities\pgfkeys.code.tex))
(C:\MikTeX_2.9\tex\generic\pgf\utilities\pgffor.code.tex
Package: pgffor 2010/03/23 v2.10 (rcs-revision 1.18)
\pgffor@iter=\dimen193
\pgffor@skip=\dimen194
\pgffor@stack=\toks41
\pgffor@toks=\toks42
))
(C:\MikTeX_2.9\tex\generic\pgf\frontendlayer\tikz\tikz.code.tex
Package: tikz 2010/10/13 v2.10 (rcs-revision 1.76)

(C:\MikTeX_2.9\tex\generic\pgf\libraries\pgflibraryplothandlers.code.tex
File: pgflibraryplothandlers.code.tex 2010/05/31 v2.10 (rcs-revision 1.15)
\pgf@plot@mark@count=\count162
\pgfplotmarksize=\dimen195
)
\tikz@lastx=\dimen196
\tikz@lasty=\dimen197
\tikz@lastxsaved=\dimen198
\tikz@lastysaved=\dimen199
\tikzleveldistance=\dimen200
\tikzsiblingdistance=\dimen201
\tikz@figbox=\box55
\tikz@tempbox=\box56
\tikztreelevel=\count163
\tikznumberofchildren=\count164
\tikznumberofcurrentchild=\count165
\tikz@fig@count=\count166

(C:\MikTeX_2.9\tex\generic\pgf\modules\pgfmodulematrix.code.tex
File: pgfmodulematrix.code.tex 2010/08/24  (rcs-revision 1.4)
\pgfmatrixcurrentrow=\count167
\pgfmatrixcurrentcolumn=\count168
\pgf@matrix@numberofcolumns=\count169
)
\tikz@expandcount=\count170

(C:\MikTeX_2.9\tex\generic\pgf\frontendlayer\tikz\libraries\tikzlibrarytopaths.
code.tex
File: tikzlibrarytopaths.code.tex 2008/06/17 v2.10 (rcs-revision 1.2)
))) (C:\MikTeX_2.9\tex\latex\fancybox\fancybox.sty
Package: fancybox 2010/05/15 1.4

Style option: `fancybox' v1.4 <2010/05/15> (tvz)
\@fancybox=\box57
\shadowsize=\dimen202
\@Sbox=\box58
\do@VerbBox=\toks43
\the@fancyput=\toks44
\this@fancyput=\toks45
\EndVerbatimTokens=\toks46
\Verbatim@Outfile=\write5
\Verbatim@Infile=\read2
)
(C:\Users\sullivan\Sync\UVa\Research.New\Projects\2015.Boehm.QualityOntology.Co
q\Boehm\slides_draft\coqdoc.sty
Package: coqdoc 2002/02/11
\coqdocbaseindent=\skip66
Package hyperref Info: Option `raiselinks' set `true' on input line 113.
Package hyperref Info: Option `colorlinks' set `true' on input line 113.
 (C:\MikTeX_2.9\tex\latex\tools\xr.sty
Package: xr 1994/05/28 v5.02 eXternal References (DPC)
))
(C:\MikTeX_2.9\tex\generic\pgf\frontendlayer\tikz\libraries\tikzlibrarydecorati
ons.fractals.code.tex
(C:\MikTeX_2.9\tex\generic\pgf\frontendlayer\tikz\libraries\tikzlibrarydecorati
ons.code.tex
(C:\MikTeX_2.9\tex\generic\pgf\modules\pgfmoduledecorations.code.tex
\pgfdecoratedcompleteddistance=\dimen203
\pgfdecoratedremainingdistance=\dimen204
\pgfdecoratedinputsegmentcompleteddistance=\dimen205
\pgfdecoratedinputsegmentremainingdistance=\dimen206
\pgf@decorate@distancetomove=\dimen207
\pgf@decorate@repeatstate=\count171
\pgfdecorationsegmentamplitude=\dimen208
\pgfdecorationsegmentlength=\dimen209
)
\tikz@lib@dec@box=\box59
)
(C:\MikTeX_2.9\tex\generic\pgf\libraries\decorations\pgflibrarydecorations.frac
tals.code.tex))
(C:\MikTeX_2.9\tex\latex\beamer\base\themes\outer\beamerouterthememiniframes.st
y
Package: beamerouterthememiniframes 2010/06/17  (rcs-revision d02a7cf4d8ae)
) (C:\MikTeX_2.9\tex\latex\beamer\base\themes\font\beamerfontthemeserif.sty
Package: beamerfontthemeserif 2010/06/17  (rcs-revision d02a7cf4d8ae)
)
(C:\Users\sullivan\Sync\UVa\Research.New\Projects\2015.Boehm.QualityOntology.Co
q\Boehm\slides_draft\slides_v9.aux)
LaTeX Font Info:    Checking defaults for OML/cmm/m/it on input line 50.
LaTeX Font Info:    ... okay on input line 50.
LaTeX Font Info:    Checking defaults for T1/cmr/m/n on input line 50.
LaTeX Font Info:    ... okay on input line 50.
LaTeX Font Info:    Checking defaults for OT1/cmr/m/n on input line 50.
LaTeX Font Info:    ... okay on input line 50.
LaTeX Font Info:    Checking defaults for OMS/cmsy/m/n on input line 50.
LaTeX Font Info:    ... okay on input line 50.
LaTeX Font Info:    Checking defaults for OMX/cmex/m/n on input line 50.
LaTeX Font Info:    ... okay on input line 50.
LaTeX Font Info:    Checking defaults for U/cmr/m/n on input line 50.
LaTeX Font Info:    ... okay on input line 50.
LaTeX Font Info:    Checking defaults for PD1/pdf/m/n on input line 50.
LaTeX Font Info:    ... okay on input line 50.

*geometry* driver: auto-detecting
*geometry* detected driver: pdftex
*geometry* verbose mode - [ preamble ] result:
* driver: pdftex
* paper: custom
* layout: <same size as paper>
* layoutoffset:(h,v)=(0.0pt,0.0pt)
* modes: includehead includefoot 
* h-part:(L,W,R)=(28.45274pt, 307.28987pt, 28.45274pt)
* v-part:(T,H,B)=(0.0pt, 273.14662pt, 0.0pt)
* \paperwidth=364.19536pt
* \paperheight=273.14662pt
* \textwidth=307.28987pt
* \textheight=244.6939pt
* \oddsidemargin=-43.81725pt
* \evensidemargin=-43.81725pt
* \topmargin=-72.26999pt
* \headheight=14.22636pt
* \headsep=0.0pt
* \topskip=11.0pt
* \footskip=14.22636pt
* \marginparwidth=4.0pt
* \marginparsep=10.0pt
* \columnsep=10.0pt
* \skip\footins=10.0pt plus 4.0pt minus 2.0pt
* \hoffset=0.0pt
* \voffset=0.0pt
* \mag=1000
* \@twocolumnfalse
* \@twosidefalse
* \@mparswitchfalse
* \@reversemarginfalse
* (1in=72.27pt=25.4mm, 1cm=28.453pt)

(C:\MikTeX_2.9\tex\context\base\supp-pdf.mkii
[Loading MPS to PDF converter (version 2006.09.02).]
\scratchcounter=\count172
\scratchdimen=\dimen210
\scratchbox=\box60
\nofMPsegments=\count173
\nofMParguments=\count174
\everyMPshowfont=\toks47
\MPscratchCnt=\count175
\MPscratchDim=\dimen211
\MPnumerator=\count176
\everyMPtoPDFconversion=\toks48
) ABD: EveryShipout initializing macros
\AtBeginShipoutBox=\box61
Package hyperref Info: Link coloring ON on input line 50.

(C:\MikTeX_2.9\tex\latex\hyperref\nameref.sty
Package: nameref 2010/04/30 v2.40 Cross-referencing by name of section

(C:\MikTeX_2.9\tex\latex\oberdiek\refcount.sty
Package: refcount 2008/08/11 v3.1 Data extraction from references (HO)
)
(C:\MikTeX_2.9\tex\generic\oberdiek\gettitlestring.sty
Package: gettitlestring 2009/12/18 v1.3 Cleanup title references (HO)
)
\c@section@level=\count177
)
LaTeX Info: Redefining \ref on input line 50.
LaTeX Info: Redefining \pageref on input line 50.
LaTeX Info: Redefining \nameref on input line 50.

(C:\Users\sullivan\Sync\UVa\Research.New\Projects\2015.Boehm.QualityOntology.Co
q\Boehm\slides_draft\slides_v9.out)
(C:\Users\sullivan\Sync\UVa\Research.New\Projects\2015.Boehm.QualityOntology.Co
q\Boehm\slides_draft\slides_v9.out)
\@outlinefile=\write6

(C:\MikTeX_2.9\tex\latex\beamer\base\translator\dicts\translator-basic-dictiona
ry\translator-basic-dictionary-English.dict
Dictionary: translator-basic-dictionary, Language: English 
)
(C:\MikTeX_2.9\tex\latex\beamer\base\translator\dicts\translator-bibliography-d
ictionary\translator-bibliography-dictionary-English.dict
Dictionary: translator-bibliography-dictionary, Language: English 
)
(C:\MikTeX_2.9\tex\latex\beamer\base\translator\dicts\translator-environment-di
ctionary\translator-environment-dictionary-English.dict
Dictionary: translator-environment-dictionary, Language: English 
)
(C:\MikTeX_2.9\tex\latex\beamer\base\translator\dicts\translator-months-diction
ary\translator-months-dictionary-English.dict
Dictionary: translator-months-dictionary, Language: English 
)
(C:\MikTeX_2.9\tex\latex\beamer\base\translator\dicts\translator-numbers-dictio
nary\translator-numbers-dictionary-English.dict
Dictionary: translator-numbers-dictionary, Language: English 
)
(C:\MikTeX_2.9\tex\latex\beamer\base\translator\dicts\translator-theorem-dictio
nary\translator-theorem-dictionary-English.dict
Dictionary: translator-theorem-dictionary, Language: English 
)
(C:\MikTeX_2.9\tex\latex\apacite\english.apc
File: english.apc 2009/03/01 v4.05 apacite language file
LaTeX Info: Redefining \BPBI on input line 119.
LaTeX Info: Redefining \BHBI on input line 120.

NOT AUSTRALIAN!!!
)
Package caption Info: Begin \AtBeginDocument code.
Package caption Info: subfig package v1.3 is loaded.
Package caption Info: End \AtBeginDocument code.

(C:\Users\sullivan\Sync\UVa\Research.New\Projects\2015.Boehm.QualityOntology.Co
q\Boehm\slides_draft\slides_v9.nav)

Package hyperref Warning: Option `pdfauthor' has already been used,
(hyperref)                setting the option has no effect on input line 70.

<figures/logo2.jpg, id=153, 225.84375pt x 225.84375pt>
File: figures/logo2.jpg Graphic file (type jpg)
 <use figures/logo2.jpg>

LaTeX Font Warning: Font shape `OT1/cmr/m/n' in size <4> not available
(Font)              size <5> substituted on input line 70.

[1{C:/Users/sullivan/AppData/Local/MiKTeX/2.9/pdftex/config/pdftex.map}

 <C:/Users/sullivan/Sync/UVa/Research.New/Projects/2015.Boehm.QualityOntology.C
oq/Boehm/slides_draft/figures/logo2.jpg>]
LaTeX Font Info:    Try loading font information for U+msa on input line 89.
 (C:\MikTeX_2.9\tex\latex\amsfonts\umsa.fd
File: umsa.fd 2009/06/22 v3.00 AMS symbols A
)
LaTeX Font Info:    Try loading font information for U+msb on input line 89.

(C:\MikTeX_2.9\tex\latex\amsfonts\umsb.fd
File: umsb.fd 2009/06/22 v3.00 AMS symbols B
) [2

] [3

] [4

] [5

] [6

]

LaTeX Warning: Citation `Ross:changeability' undefined on input line 156.

[7

] <figures/semantic.png, id=645, 1218.80344pt x 351.56343pt>
File: figures/semantic.png Graphic file (type png)

<use figures/semantic.png>
<figures/usesemantic.png, id=646, 1218.05063pt x 320.69812pt>
File: figures/usesemantic.png Graphic file (type png)

<use figures/usesemantic.png>

LaTeX Warning: Citation `Ross:changeability' undefined on input line 171.

[8

 <C:/Users/sullivan/Sync/UVa/Research.New/Projects/2015.Boehm.QualityOntology.C
oq/Boehm/slides_draft/figures/semantic.png (PNG copy)> <C:/Users/sullivan/Sync/
UVa/Research.New/Projects/2015.Boehm.QualityOntology.Coq/Boehm/slides_draft/fig
ures/usesemantic.png (PNG copy)>] [9

]

LaTeX Warning: Citation `Boehm:ontology' undefined on input line 205.

[10

] <figures/hierarchy.png, id=836, 1075.76906pt x 468.24937pt>
File: figures/hierarchy.png Graphic file (type png)

<use figures/hierarchy.png>

LaTeX Warning: Citation `Boehm:ontology' undefined on input line 215.

[11

 <C:/Users/sullivan/Sync/UVa/Research.New/Projects/2015.Boehm.QualityOntology.C
oq/Boehm/slides_draft/figures/hierarchy.png (PNG copy)>] [12

] [13

]
<figures/assurance-case.pdf, id=1027, 508.299pt x 426.39299pt>
File: figures/assurance-case.pdf Graphic file (type pdf)

<use figures/assurance-case.pdf>

LaTeX Warning: Citation `Kelly:GSN' undefined on input line 264.

[14

 <C:/Users/sullivan/Sync/UVa/Research.New/Projects/2015.Boehm.QualityOntology.C
oq/Boehm/slides_draft/figures/assurance-case.pdf>]

LaTeX Warning: Citation `Kelly:GSN' undefined on input line 281.

[15

] <figures/gsn.png, id=1156, 1114.1625pt x 587.94656pt>
File: figures/gsn.png Graphic file (type png)

<use figures/gsn.png>
Overfull \hbox (26.96146pt too wide) in paragraph at lines 291--291
 [] 
 []


LaTeX Warning: Citation `Kelly:GSN' undefined on input line 291.


LaTeX Warning: Citation `Kelly:GSN' undefined on input line 291.


Overfull \vbox (1.21552pt too high) detected at line 291
 []

[16

 <C:/Users/sullivan/Sync/UVa/Research.New/Projects/2015.Boehm.QualityOntology.C
oq/Boehm/slides_draft/figures/gsn.png (PNG copy)>] [17

]

LaTeX Warning: Citation `Rushby:formalism' undefined on input line 324.

[18

] [19

]

LaTeX Warning: Citation `Knight:Assurance' undefined on input line 353.

[20

] [21

]

LaTeX Warning: Citation `Basir:safety' undefined on input line 381.

[22

] [23

]

LaTeX Warning: Citation `vanGurp:MOSOA' undefined on input line 415.

[24

]

LaTeX Warning: Citation `Lundberg:qualityattributes' undefined on input line 43
7.

[25

] [26

]

LaTeX Warning: Citation `Graydon:successarguments' undefined on input line 474.


[27

] [28

] [29

] <figures/architecture.pdf, id=2042, 420.06938pt x 233.37187pt>
File: figures/architecture.pdf Graphic file (type pdf)

<use figures/architecture.pdf> [30

 <C:/Users/sullivan/Sync/UVa/Research.New/Projects/2015.Boehm.QualityOntology.C
oq/Boehm/slides_draft/figures/architecture.pdf>]
LaTeX Font Info:    Try loading font information for OMS+cmr on input line 553.

 (C:\MikTeX_2.9\tex\latex\base\omscmr.fd
File: omscmr.fd 1999/05/25 v2.5h Standard LaTeX font definitions
)
LaTeX Font Info:    Font shape `OMS/cmr/m/n' in size <6> not available
(Font)              Font shape `OMS/cmsy/m/n' tried instead on input line 553.
 [31

] [32

] [33

] [34

] [35

] [36

]
[37

] [38

] [39

] [40

] [41

] [42

]
LaTeX Font Info:    Font shape `OMS/cmr/m/n' in size <10> not available
(Font)              Font shape `OMS/cmsy/m/n' tried instead on input line 829.
 [43

] [44

] [45

] [46

]
No file slides_v9.bbl.
[47

]
\tf@nav=\write7
\tf@toc=\write8
\tf@snm=\write9
Package atveryend Info: Empty hook `BeforeClearDocument' on input line 880.
Package atveryend Info: Empty hook `AfterLastShipout' on input line 880.

(C:\Users\sullivan\Sync\UVa\Research.New\Projects\2015.Boehm.QualityOntology.Co
q\Boehm\slides_draft\slides_v9.aux)
Package atveryend Info: Executing hook `AtVeryEndDocument' on input line 880.
Package rerunfilecheck Info: File `slides_v9.out' has not changed.
(rerunfilecheck)             Checksum: 8166989697206D00BE4561A93B706157;1505.


LaTeX Font Warning: Size substitutions with differences
(Font)              up to 1.0pt have occurred.


LaTeX Warning: There were undefined references.

 ) 
Here is how much of TeX's memory you used:
 20324 strings out of 494019
 382307 string characters out of 3152593
 505337 words of memory out of 3000000
 22918 multiletter control sequences out of 15000+200000
 18708 words of font info for 71 fonts, out of 3000000 for 9000
 714 hyphenation exceptions out of 8191
 49i,19n,57p,687b,735s stack positions out of 5000i,500n,10000p,200000b,50000s
pdfTeX warning (dest): name{coq:Example.tailorability} has been referenced bu
t does not exist, replaced by a fixed one

pdfTeX warning (dest): name{coq:Example.humanUsability} has been referenced but
 does not exist, replaced by a fixed one

pdfTeX warning (dest): name{coq:Example.cyberCapability} has been referenced bu
t does not exist, replaced by a fixed one

pdfTeX warning (dest): name{coq:Satisfactory.tailorability} has been referenced
 but does not exist, replaced by a fixed one

pdfTeX warning (dest): name{coq:Satisfactory.modifiability} has been referenced
 but does not exist, replaced by a fixed one

pdfTeX warning (dest): name{coq:Satisfactory.robustness} has been referenced bu
t does not exist, replaced by a fixed one

pdfTeX warning (dest): name{coq:Satisfactory.survivability} has been referenced
 but does not exist, replaced by a fixed one

pdfTeX warning (dest): name{coq:Satisfactory.availability} has been referenced 
but does not exist, replaced by a fixed one

pdfTeX warning (dest): name{coq:Satisfactory.maintainability} has been referenc
ed but does not exist, replaced by a fixed one

pdfTeX warning (dest): name{coq:Satisfactory.reliability} has been referenced b
ut does not exist, replaced by a fixed one

pdfTeX warning (dest): name{coq:Satisfactory.safety} has been referenced but do
es not exist, replaced by a fixed one

pdfTeX warning (dest): name{coq:Satisfactory.security} has been referenced but 
does not exist, replaced by a fixed one

pdfTeX warning (dest): name{coq:Satisfactory.sustainability} has been reference
d but does not exist, replaced by a fixed one

pdfTeX warning (dest): name{coq:Satisfactory.manufacturability} has been refere
nced but does not exist, replaced by a fixed one

pdfTeX warning (dest): name{coq:Satisfactory.otherScareResources} has been refe
renced but does not exist, replaced by a fixed one

pdfTeX warning (dest): name{coq:Satisfactory.keyPersonnel} has been referenced 
but does not exist, replaced by a fixed one

pdfTeX warning (dest): name{coq:Satisfactory.duration} has been referenced but 
does not exist, replaced by a fixed one

pdfTeX warning (dest): name{coq:Satisfactory.cost} has been referenced but does
 not exist, replaced by a fixed one

pdfTeX warning (dest): name{coq:Satisfactory.interoperability} has been referen
ced but does not exist, replaced by a fixed one

pdfTeX warning (dest): name{coq:Satisfactory.versability} has been referenced b
ut does not exist, replaced by a fixed one

pdfTeX warning (dest): name{coq:Satisfactory.scalability} has been referenced b
ut does not exist, replaced by a fixed one

pdfTeX warning (dest): name{coq:Satisfactory.impact} has been referenced but do
es not exist, replaced by a fixed one

pdfTeX warning (dest): name{coq:Satisfactory.accuracy} has been referenced but 
does not exist, replaced by a fixed one

pdfTeX warning (dest): name{coq:Satisfactory.maneuverability} has been referenc
ed but does not exist, replaced by a fixed one

pdfTeX warning (dest): name{coq:Satisfactory.endurability} has been referenced 
but does not exist, replaced by a fixed one

pdfTeX warning (dest): name{coq:Satisfactory.speed} has been referenced but doe
s not exist, replaced by a fixed one

<C:/MikTeX_2.9/fonts/type1/public/amsfonts/cm/cmbx10.pfb><C:/MikTeX_2.9/fonts/t
ype1/public/amsfonts/cm/cmbxti10.pfb><C:/MikTeX_2.9/fonts/type1/public/amsfonts
/cm/cmcsc10.pfb><C:/MikTeX_2.9/fonts/type1/public/amsfonts/cm/cmr10.pfb><C:/Mik
TeX_2.9/fonts/type1/public/amsfonts/cm/cmr12.pfb><C:/MikTeX_2.9/fonts/type1/pub
lic/amsfonts/cm/cmr6.pfb><C:/MikTeX_2.9/fonts/type1/public/amsfonts/cm/cmr9.pfb
><C:/MikTeX_2.9/fonts/type1/public/amsfonts/cm/cmss10.pfb><C:/MikTeX_2.9/fonts/
type1/public/amsfonts/cm/cmss8.pfb><C:/MikTeX_2.9/fonts/type1/public/amsfonts/c
m/cmssbx10.pfb><C:/MikTeX_2.9/fonts/type1/public/amsfonts/cm/cmsy10.pfb><C:/Mik
TeX_2.9/fonts/type1/public/amsfonts/cm/cmsy6.pfb><C:/MikTeX_2.9/fonts/type1/pub
lic/amsfonts/cm/cmti10.pfb><C:/MikTeX_2.9/fonts/type1/public/amsfonts/cm/cmti12
.pfb><C:/MikTeX_2.9/fonts/type1/public/amsfonts/cm/cmti7.pfb><C:/MikTeX_2.9/fon
ts/type1/public/amsfonts/cm/cmtt10.pfb><C:/MikTeX_2.9/fonts/type1/public/amsfon
ts/cm/cmtt8.pfb><C:/MikTeX_2.9/fonts/type1/public/amsfonts/symbols/msam10.pfb><
C:/MikTeX_2.9/fonts/type1/public/amsfonts/symbols/msam7.pfb>
Output written on slides_v9.pdf (47 pages, 1640287 bytes).
PDF statistics:
 3522 PDF objects out of 3580 (max. 8388607)
 178 named destinations out of 1000 (max. 500000)
 276 words of extra memory for PDF output out of 10000 (max. 10000000)

